# JRE version: Java(TM) SE Runtime Environment (8.0_91-b14) (build 1.8.0_91-b14)
# Java VM: Java HotSpot(TM) 64-Bit Server VM (25.91-b14 mixed mode linux-amd64 compressed oops)
Heap:
 PSYoungGen      total 200704K, used 164742K [0x00000000eab00000, 0x00000000fb700000, 0x0000000100000000)
  eden space 171520K, 88% used [0x00000000eab00000,0x00000000f3eb6090,0x00000000f5280000)
  from space 29184K, 46% used [0x00000000f5280000,0x00000000f5fabb68,0x00000000f6f00000)
  to   space 27648K, 0% used [0x00000000f9c00000,0x00000000f9c00000,0x00000000fb700000)
 ParOldGen       total 121856K, used 48304K [0x00000000c0000000, 0x00000000c7700000, 0x00000000eab00000)
  object space 121856K, 39% used [0x00000000c0000000,0x00000000c2f2c080,0x00000000c7700000)
 Metaspace       used 52905K, capacity 54093K, committed 54400K, reserved 1095680K
  class space    used 7175K, capacity 7489K, committed 7552K, reserved 1048576K
GC Heap History (10 events):
Event: 20.840 GC heap before
{Heap before GC invocations=9 (full 2):
 PSYoungGen      total 117248K, used 116736K [0x00000000eab00000, 0x00000000f5500000, 0x0000000100000000)
  eden space 116736K, 100% used [0x00000000eab00000,0x00000000f1d00000,0x00000000f1d00000)
  from space 512K, 0% used [0x00000000f2c00000,0x00000000f2c00000,0x00000000f2c80000)
  to   space 15360K, 0% used [0x00000000f1d00000,0x00000000f1d00000,0x00000000f2c00000)
 ParOldGen       total 121856K, used 22140K [0x00000000c0000000, 0x00000000c7700000, 0x00000000eab00000)
  object space 121856K, 18% used [0x00000000c0000000,0x00000000c159f0d0,0x00000000c7700000)
 Metaspace       used 41563K, capacity 42397K, committed 42624K, reserved 1085440K
  class space    used 5758K, capacity 5995K, committed 6016K, reserved 1048576K
Event: 20.861 GC heap after
Heap after GC invocations=9 (full 2):
 PSYoungGen      total 132096K, used 12232K [0x00000000eab00000, 0x00000000f6280000, 0x0000000100000000)
  eden space 116736K, 0% used [0x00000000eab00000,0x00000000eab00000,0x00000000f1d00000)
  from space 15360K, 79% used [0x00000000f1d00000,0x00000000f28f2170,0x00000000f2c00000)
  to   space 16384K, 0% used [0x00000000f5280000,0x00000000f5280000,0x00000000f6280000)
 ParOldGen       total 121856K, used 22148K [0x00000000c0000000, 0x00000000c7700000, 0x00000000eab00000)
  object space 121856K, 18% used [0x00000000c0000000,0x00000000c15a10d0,0x00000000c7700000)
 Metaspace       used 41563K, capacity 42397K, committed 42624K, reserved 1085440K
  class space    used 5758K, capacity 5995K, committed 6016K, reserved 1048576K
}
Event: 28.232 GC heap before
{Heap before GC invocations=10 (full 2):
 PSYoungGen      total 132096K, used 128968K [0x00000000eab00000, 0x00000000f6280000, 0x0000000100000000)
  eden space 116736K, 100% used [0x00000000eab00000,0x00000000f1d00000,0x00000000f1d00000)
  from space 15360K, 79% used [0x00000000f1d00000,0x00000000f28f2170,0x00000000f2c00000)
  to   space 16384K, 0% used [0x00000000f5280000,0x00000000f5280000,0x00000000f6280000)
 ParOldGen       total 121856K, used 22148K [0x00000000c0000000, 0x00000000c7700000, 0x00000000eab00000)
  object space 121856K, 18% used [0x00000000c0000000,0x00000000c15a10d0,0x00000000c7700000)
 Metaspace       used 44233K, capacity 45127K, committed 45312K, reserved 1087488K
  class space    used 6117K, capacity 6324K, committed 6400K, reserved 1048576K
Event: 28.260 GC heap after
Heap after GC invocations=10 (full 2):
 PSYoungGen      total 166400K, used 16377K [0x00000000eab00000, 0x00000000f6280000, 0x0000000100000000)
  eden space 150016K, 0% used [0x00000000eab00000,0x00000000eab00000,0x00000000f3d80000)
  from space 16384K, 99% used [0x00000000f5280000,0x00000000f627e528,0x00000000f6280000)
  to   space 18944K, 0% used [0x00000000f3d80000,0x00000000f3d80000,0x00000000f5000000)
 ParOldGen       total 121856K, used 23404K [0x00000000c0000000, 0x00000000c7700000, 0x00000000eab00000)
  object space 121856K, 19% used [0x00000000c0000000,0x00000000c16db148,0x00000000c7700000)
 Metaspace       used 44233K, capacity 45127K, committed 45312K, reserved 1087488K
  class space    used 6117K, capacity 6324K, committed 6400K, reserved 1048576K
}
Event: 33.271 GC heap before
{Heap before GC invocations=11 (full 2):
 PSYoungGen      total 166400K, used 166393K [0x00000000eab00000, 0x00000000f6280000, 0x0000000100000000)
  eden space 150016K, 100% used [0x00000000eab00000,0x00000000f3d80000,0x00000000f3d80000)
  from space 16384K, 99% used [0x00000000f5280000,0x00000000f627e528,0x00000000f6280000)
  to   space 18944K, 0% used [0x00000000f3d80000,0x00000000f3d80000,0x00000000f5000000)
 ParOldGen       total 121856K, used 23404K [0x00000000c0000000, 0x00000000c7700000, 0x00000000eab00000)
  object space 121856K, 19% used [0x00000000c0000000,0x00000000c16db148,0x00000000c7700000)
 Metaspace       used 46556K, capacity 47535K, committed 47744K, reserved 1089536K
  class space    used 6404K, capacity 6728K, committed 6784K, reserved 1048576K
Event: 33.323 GC heap after
Heap after GC invocations=11 (full 2):
 PSYoungGen      total 168960K, used 18933K [0x00000000eab00000, 0x00000000f8780000, 0x0000000100000000)
  eden space 150016K, 0% used [0x00000000eab00000,0x00000000eab00000,0x00000000f3d80000)
  from space 18944K, 99% used [0x00000000f3d80000,0x00000000f4ffd518,0x00000000f5000000)
  to   space 25088K, 0% used [0x00000000f6f00000,0x00000000f6f00000,0x00000000f8780000)
 ParOldGen       total 121856K, used 31701K [0x00000000c0000000, 0x00000000c7700000, 0x00000000eab00000)
  object space 121856K, 26% used [0x00000000c0000000,0x00000000c1ef5630,0x00000000c7700000)
 Metaspace       used 46556K, capacity 47535K, committed 47744K, reserved 1089536K
  class space    used 6404K, capacity 6728K, committed 6784K, reserved 1048576K
}
Event: 34.448 GC heap before
{Heap before GC invocations=12 (full 2):
 PSYoungGen      total 168960K, used 168949K [0x00000000eab00000, 0x00000000f8780000, 0x0000000100000000)
  eden space 150016K, 100% used [0x00000000eab00000,0x00000000f3d80000,0x00000000f3d80000)
  from space 18944K, 99% used [0x00000000f3d80000,0x00000000f4ffd518,0x00000000f5000000)
  to   space 25088K, 0% used [0x00000000f6f00000,0x00000000f6f00000,0x00000000f8780000)
 ParOldGen       total 121856K, used 31701K [0x00000000c0000000, 0x00000000c7700000, 0x00000000eab00000)
  object space 121856K, 26% used [0x00000000c0000000,0x00000000c1ef5630,0x00000000c7700000)
 Metaspace       used 47193K, capacity 48175K, committed 48384K, reserved 1091584K
  class space    used 6477K, capacity 6792K, committed 6912K, reserved 1048576K
Event: 34.510 GC heap after
Heap after GC invocations=12 (full 2):
 PSYoungGen      total 196608K, used 25067K [0x00000000eab00000, 0x00000000f9c80000, 0x0000000100000000)
  eden space 171520K, 0% used [0x00000000eab00000,0x00000000eab00000,0x00000000f5280000)
  from space 25088K, 99% used [0x00000000f6f00000,0x00000000f877af40,0x00000000f8780000)
  to   space 29184K, 0% used [0x00000000f5280000,0x00000000f5280000,0x00000000f6f00000)
 ParOldGen       total 121856K, used 34272K [0x00000000c0000000, 0x00000000c7700000, 0x00000000eab00000)
  object space 121856K, 28% used [0x00000000c0000000,0x00000000c21782d8,0x00000000c7700000)
 Metaspace       used 47193K, capacity 48175K, committed 48384K, reserved 1091584K
  class space    used 6477K, capacity 6792K, committed 6912K, reserved 1048576K
}
Event: 37.443 GC heap before
{Heap before GC invocations=13 (full 2):
 PSYoungGen      total 196608K, used 196587K [0x00000000eab00000, 0x00000000f9c80000, 0x0000000100000000)
  eden space 171520K, 100% used [0x00000000eab00000,0x00000000f5280000,0x00000000f5280000)
  from space 25088K, 99% used [0x00000000f6f00000,0x00000000f877af40,0x00000000f8780000)
  to   space 29184K, 0% used [0x00000000f5280000,0x00000000f5280000,0x00000000f6f00000)
 ParOldGen       total 121856K, used 34272K [0x00000000c0000000, 0x00000000c7700000, 0x00000000eab00000)
  object space 121856K, 28% used [0x00000000c0000000,0x00000000c21782d8,0x00000000c7700000)
 Metaspace       used 47705K, capacity 48751K, committed 48896K, reserved 1091584K
  class space    used 6527K, capacity 6856K, committed 6912K, reserved 1048576K
Event: 37.539 GC heap after
Heap after GC invocations=13 (full 2):
 PSYoungGen      total 200704K, used 13486K [0x00000000eab00000, 0x00000000fb700000, 0x0000000100000000)
  eden space 171520K, 0% used [0x00000000eab00000,0x00000000eab00000,0x00000000f5280000)
  from space 29184K, 46% used [0x00000000f5280000,0x00000000f5fabb68,0x00000000f6f00000)
  to   space 27648K, 0% used [0x00000000f9c00000,0x00000000f9c00000,0x00000000fb700000)
 ParOldGen       total 121856K, used 48304K [0x00000000c0000000, 0x00000000c7700000, 0x00000000eab00000)
  object space 121856K, 39% used [0x00000000c0000000,0x00000000c2f2c080,0x00000000c7700000)
 Metaspace       used 47705K, capacity 48751K, committed 48896K, reserved 1091584K
  class space    used 6527K, capacity 6856K, committed 6912K, reserved 1048576K
}

